[debug] [2020-11-13T11:04:04.148Z] ----------------------------------------------------------------------
[debug] [2020-11-13T11:04:04.152Z] Command:       C:\Program Files\nodejs\node.exe C:\Users\user\AppData\Roaming\npm\node_modules\firebase-tools\lib\bin\firebase.js emulators:start
[debug] [2020-11-13T11:04:04.153Z] CLI Version:   8.15.1
[debug] [2020-11-13T11:04:04.153Z] Platform:      win32
[debug] [2020-11-13T11:04:04.153Z] Node Version:  v12.18.3
[debug] [2020-11-13T11:04:04.160Z] Time:          Fri Nov 13 2020 16:34:04 GMT+0530 (India Standard Time)
[debug] [2020-11-13T11:04:04.160Z] ----------------------------------------------------------------------
[debug] [2020-11-13T11:04:04.160Z] 
[debug] [2020-11-13T11:04:04.181Z] > command requires scopes: ["email","openid","https://www.googleapis.com/auth/cloudplatformprojects.readonly","https://www.googleapis.com/auth/firebase","https://www.googleapis.com/auth/cloud-platform"]
[debug] [2020-11-13T11:04:04.182Z] > authorizing via signed-in user
[info] i  emulators: Starting emulators: functions, hosting {"metadata":{"emulator":{"name":"hub"},"message":"Starting emulators: functions, hosting"}}
[debug] [2020-11-13T11:04:06.283Z] [hub] writing locator at C:\Users\user\AppData\Local\Temp\hub-clone-c9d80.json
[warn] !  functions: The following emulators are not running, calls to these services from the Functions emulator will affect production: auth, firestore, database, pubsub {"metadata":{"emulator":{"name":"functions"},"message":"The following emulators are not running, calls to these services from the Functions emulator will affect production: \u001b[1mauth, firestore, database, pubsub\u001b[22m"}}
[info] +  functions: Using node@12 from host. {"metadata":{"emulator":{"name":"functions"},"message":"Using node@12 from host."}}
[debug] [2020-11-13T11:04:08.425Z] defaultcredentials: writing to file C:\Users\user\AppData\Roaming\firebase\nvishnuchakravarthi_gmail_com_application_default_credentials.json
[debug] [2020-11-13T11:04:08.436Z] Setting GAC to C:\Users\user\AppData\Roaming\firebase\nvishnuchakravarthi_gmail_com_application_default_credentials.json {"metadata":{"emulator":{"name":"functions"},"message":"Setting GAC to C:\\Users\\user\\AppData\\Roaming\\firebase\\nvishnuchakravarthi_gmail_com_application_default_credentials.json"}}
[debug] [2020-11-13T11:04:10.493Z] > refreshing access token with scopes: ["email","https://www.googleapis.com/auth/cloud-platform","https://www.googleapis.com/auth/cloudplatformprojects.readonly","https://www.googleapis.com/auth/firebase","openid"]
[debug] [2020-11-13T11:04:10.494Z] >>> HTTP REQUEST POST https://www.googleapis.com/oauth2/v3/token  
 <request body omitted>
[debug] [2020-11-13T11:04:10.749Z] <<< HTTP RESPONSE 200 {"expires":"Mon, 01 Jan 1990 00:00:00 GMT","pragma":"no-cache","cache-control":"no-cache, no-store, max-age=0, must-revalidate","date":"Fri, 13 Nov 2020 11:04:10 GMT","content-type":"application/json; charset=utf-8","vary":"X-Origin, Referer, Origin,Accept-Encoding","server":"scaffolding on HTTPServer2","x-xss-protection":"0","x-frame-options":"SAMEORIGIN","x-content-type-options":"nosniff","alt-svc":"h3-Q050=\":443\"; ma=2592000,h3-29=\":443\"; ma=2592000,h3-T051=\":443\"; ma=2592000,h3-Q046=\":443\"; ma=2592000,h3-Q043=\":443\"; ma=2592000,quic=\":443\"; ma=2592000; v=\"46,43\"","accept-ranges":"none","transfer-encoding":"chunked"}
[debug] [2020-11-13T11:04:10.765Z] >>> HTTP REQUEST GET https://firebase.googleapis.com/v1beta1/projects/clone-c9d80/webApps/-/config  
 
[debug] [2020-11-13T11:04:12.520Z] <<< HTTP RESPONSE 200 {"content-type":"application/json; charset=UTF-8","vary":"X-Origin, Referer, Origin,Accept-Encoding","date":"Fri, 13 Nov 2020 11:04:12 GMT","server":"ESF","cache-control":"private","x-xss-protection":"0","x-frame-options":"SAMEORIGIN","x-content-type-options":"nosniff","alt-svc":"h3-Q050=\":443\"; ma=2592000,h3-29=\":443\"; ma=2592000,h3-T051=\":443\"; ma=2592000,h3-Q046=\":443\"; ma=2592000,h3-Q043=\":443\"; ma=2592000,quic=\":443\"; ma=2592000; v=\"46,43\"","accept-ranges":"none","transfer-encoding":"chunked"}
[info] i  hosting: Serving hosting files from: build {"metadata":{"emulator":{"name":"hosting"},"message":"Serving hosting files from: \u001b[1mbuild\u001b[22m"}}
[info] +  hosting: Local server: http://localhost:5000 {"metadata":{"emulator":{"name":"hosting"},"message":"Local server: \u001b[4m\u001b[1mhttp://localhost:5000\u001b[22m\u001b[24m"}}
[debug] [2020-11-13T11:04:16.664Z] Ignoring unsupported arg: auto_download {"metadata":{"emulator":{"name":"ui"},"message":"Ignoring unsupported arg: auto_download"}}
[debug] [2020-11-13T11:04:16.665Z] Ignoring unsupported arg: port {"metadata":{"emulator":{"name":"ui"},"message":"Ignoring unsupported arg: port"}}
[debug] [2020-11-13T11:04:16.665Z] Starting Emulator UI with command {"binary":"node","args":["C:\\Users\\user\\.cache\\firebase\\emulators\\ui-v1.2.2\\server.bundle.js"],"optionalArgs":[],"joinArgs":false} {"metadata":{"emulator":{"name":"ui"},"message":"Starting Emulator UI with command {\"binary\":\"node\",\"args\":[\"C:\\\\Users\\\\user\\\\.cache\\\\firebase\\\\emulators\\\\ui-v1.2.2\\\\server.bundle.js\"],\"optionalArgs\":[],\"joinArgs\":false}"}}
[info] i  ui: Emulator UI logging to ui-debug.log {"metadata":{"emulator":{"name":"ui"},"message":"Emulator UI logging to \u001b[1mui-debug.log\u001b[22m"}}
[debug] [2020-11-13T11:04:16.962Z] Web / API server started at http://localhost:4000
 {"metadata":{"emulator":{"name":"ui"},"message":"Web / API server started at http://localhost:4000\n"}}
[info] i  functions: Watching "C:\Vishnu\ReactNew\shopping-cart\functions" for Cloud Functions... {"metadata":{"emulator":{"name":"functions"},"message":"Watching \"C:\\Vishnu\\ReactNew\\shopping-cart\\functions\" for Cloud Functions..."}}
[debug] [2020-11-13T11:04:17.249Z] [worker-pool] addWorker(~diagnostic~) {"metadata":{"emulator":{"name":"functions"},"message":"[worker-pool] addWorker(~diagnostic~)"}}
[debug] [2020-11-13T11:04:17.250Z] [worker-pool] Adding worker with key ~diagnostic~, total=1 {"metadata":{"emulator":{"name":"functions"},"message":"[worker-pool] Adding worker with key ~diagnostic~, total=1"}}
[debug] [2020-11-13T11:04:17.251Z] [worker-pool] submitWork(triggerId=) {"metadata":{"emulator":{"name":"functions"},"message":"[worker-pool] submitWork(triggerId=)"}}
[debug] [2020-11-13T11:04:17.252Z] [worker-~diagnostic~-2df37ee0-6fcb-4279-853e-c32d1342a458]: Assigning socketPath: \\?\pipe\C:\Vishnu\ReactNew\shopping-cart\functions\16264 {"metadata":{"emulator":{"name":"functions"},"message":"[worker-~diagnostic~-2df37ee0-6fcb-4279-853e-c32d1342a458]: Assigning socketPath: \\\\?\\pipe\\C:\\Vishnu\\ReactNew\\shopping-cart\\functions\\16264"}}
[debug] [2020-11-13T11:04:17.253Z] [worker-~diagnostic~-2df37ee0-6fcb-4279-853e-c32d1342a458]: BUSY {"metadata":{"emulator":{"name":"functions"},"message":"[worker-~diagnostic~-2df37ee0-6fcb-4279-853e-c32d1342a458]: BUSY"}}
[debug] [2020-11-13T11:04:18.161Z] [runtime-status] [16264] Functions runtime initialized. {"cwd":"C:\\Vishnu\\ReactNew\\shopping-cart\\functions","node_version":"12.18.3"} {"metadata":{"emulator":{"name":"functions"},"message":"[runtime-status] [16264] Functions runtime initialized. {\"cwd\":\"C:\\\\Vishnu\\\\ReactNew\\\\shopping-cart\\\\functions\",\"node_version\":\"12.18.3\"}"}}
[debug] [2020-11-13T11:04:18.168Z] [runtime-status] [16264] Disabled runtime features: undefined {"metadata":{"emulator":{"name":"functions"},"message":"[runtime-status] [16264] Disabled runtime features: undefined"}}
[debug] [2020-11-13T11:04:18.176Z] [runtime-status] [16264] Resolved module firebase-admin {"declared":true,"installed":true,"version":"9.3.0","resolution":"C:\\Vishnu\\ReactNew\\shopping-cart\\functions\\node_modules\\firebase-admin\\lib\\index.js"} {"metadata":{"emulator":{"name":"functions"},"message":"[runtime-status] [16264] Resolved module firebase-admin {\"declared\":true,\"installed\":true,\"version\":\"9.3.0\",\"resolution\":\"C:\\\\Vishnu\\\\ReactNew\\\\shopping-cart\\\\functions\\\\node_modules\\\\firebase-admin\\\\lib\\\\index.js\"}"}}
[debug] [2020-11-13T11:04:18.184Z] [runtime-status] [16264] Resolved module firebase-functions {"declared":true,"installed":true,"version":"3.11.0","resolution":"C:\\Vishnu\\ReactNew\\shopping-cart\\functions\\node_modules\\firebase-functions\\lib\\index.js"} {"metadata":{"emulator":{"name":"functions"},"message":"[runtime-status] [16264] Resolved module firebase-functions {\"declared\":true,\"installed\":true,\"version\":\"3.11.0\",\"resolution\":\"C:\\\\Vishnu\\\\ReactNew\\\\shopping-cart\\\\functions\\\\node_modules\\\\firebase-functions\\\\lib\\\\index.js\"}"}}
[debug] [2020-11-13T11:04:18.185Z] [runtime-status] [16264] Resolved module firebase-functions {"declared":true,"installed":true,"version":"3.11.0","resolution":"C:\\Vishnu\\ReactNew\\shopping-cart\\functions\\node_modules\\firebase-functions\\lib\\index.js"} {"metadata":{"emulator":{"name":"functions"},"message":"[runtime-status] [16264] Resolved module firebase-functions {\"declared\":true,\"installed\":true,\"version\":\"3.11.0\",\"resolution\":\"C:\\\\Vishnu\\\\ReactNew\\\\shopping-cart\\\\functions\\\\node_modules\\\\firebase-functions\\\\lib\\\\index.js\"}"}}
[debug] [2020-11-13T11:04:18.188Z] [runtime-status] [16264] Outgoing network have been stubbed. [{"name":"http","status":"mocked"},{"name":"http","status":"mocked"},{"name":"https","status":"mocked"},{"name":"https","status":"mocked"},{"name":"net","status":"mocked"}] {"metadata":{"emulator":{"name":"functions"},"message":"[runtime-status] [16264] Outgoing network have been stubbed. [{\"name\":\"http\",\"status\":\"mocked\"},{\"name\":\"http\",\"status\":\"mocked\"},{\"name\":\"https\",\"status\":\"mocked\"},{\"name\":\"https\",\"status\":\"mocked\"},{\"name\":\"net\",\"status\":\"mocked\"}]"}}
[debug] [2020-11-13T11:04:18.190Z] [runtime-status] [16264] Resolved module firebase-functions {"declared":true,"installed":true,"version":"3.11.0","resolution":"C:\\Vishnu\\ReactNew\\shopping-cart\\functions\\node_modules\\firebase-functions\\lib\\index.js"} {"metadata":{"emulator":{"name":"functions"},"message":"[runtime-status] [16264] Resolved module firebase-functions {\"declared\":true,\"installed\":true,\"version\":\"3.11.0\",\"resolution\":\"C:\\\\Vishnu\\\\ReactNew\\\\shopping-cart\\\\functions\\\\node_modules\\\\firebase-functions\\\\lib\\\\index.js\"}"}}
[debug] [2020-11-13T11:04:18.338Z] [runtime-status] [16264] Checked functions.config() {"config":{}} {"metadata":{"emulator":{"name":"functions"},"message":"[runtime-status] [16264] Checked functions.config() {\"config\":{}}"}}
[debug] [2020-11-13T11:04:18.339Z] [runtime-status] [16264] firebase-functions has been stubbed. {"functionsResolution":{"declared":true,"installed":true,"version":"3.11.0","resolution":"C:\\Vishnu\\ReactNew\\shopping-cart\\functions\\node_modules\\firebase-functions\\lib\\index.js"}} {"metadata":{"emulator":{"name":"functions"},"message":"[runtime-status] [16264] firebase-functions has been stubbed. {\"functionsResolution\":{\"declared\":true,\"installed\":true,\"version\":\"3.11.0\",\"resolution\":\"C:\\\\Vishnu\\\\ReactNew\\\\shopping-cart\\\\functions\\\\node_modules\\\\firebase-functions\\\\lib\\\\index.js\"}}"}}
[debug] [2020-11-13T11:04:18.340Z] [runtime-status] [16264] Resolved module firebase-functions {"declared":true,"installed":true,"version":"3.11.0","resolution":"C:\\Vishnu\\ReactNew\\shopping-cart\\functions\\node_modules\\firebase-functions\\lib\\index.js"} {"metadata":{"emulator":{"name":"functions"},"message":"[runtime-status] [16264] Resolved module firebase-functions {\"declared\":true,\"installed\":true,\"version\":\"3.11.0\",\"resolution\":\"C:\\\\Vishnu\\\\ReactNew\\\\shopping-cart\\\\functions\\\\node_modules\\\\firebase-functions\\\\lib\\\\index.js\"}"}}
[debug] [2020-11-13T11:04:18.344Z] [runtime-status] [16264] Resolved module firebase-admin {"declared":true,"installed":true,"version":"9.3.0","resolution":"C:\\Vishnu\\ReactNew\\shopping-cart\\functions\\node_modules\\firebase-admin\\lib\\index.js"} {"metadata":{"emulator":{"name":"functions"},"message":"[runtime-status] [16264] Resolved module firebase-admin {\"declared\":true,\"installed\":true,\"version\":\"9.3.0\",\"resolution\":\"C:\\\\Vishnu\\\\ReactNew\\\\shopping-cart\\\\functions\\\\node_modules\\\\firebase-admin\\\\lib\\\\index.js\"}"}}
[debug] [2020-11-13T11:04:18.345Z] [runtime-status] [16264] Resolved module firebase-functions {"declared":true,"installed":true,"version":"3.11.0","resolution":"C:\\Vishnu\\ReactNew\\shopping-cart\\functions\\node_modules\\firebase-functions\\lib\\index.js"} {"metadata":{"emulator":{"name":"functions"},"message":"[runtime-status] [16264] Resolved module firebase-functions {\"declared\":true,\"installed\":true,\"version\":\"3.11.0\",\"resolution\":\"C:\\\\Vishnu\\\\ReactNew\\\\shopping-cart\\\\functions\\\\node_modules\\\\firebase-functions\\\\lib\\\\index.js\"}"}}
[debug] [2020-11-13T11:04:18.346Z] [runtime-status] [16264] firebase-admin has been stubbed. {"adminResolution":{"declared":true,"installed":true,"version":"9.3.0","resolution":"C:\\Vishnu\\ReactNew\\shopping-cart\\functions\\node_modules\\firebase-admin\\lib\\index.js"}} {"metadata":{"emulator":{"name":"functions"},"message":"[runtime-status] [16264] firebase-admin has been stubbed. {\"adminResolution\":{\"declared\":true,\"installed\":true,\"version\":\"9.3.0\",\"resolution\":\"C:\\\\Vishnu\\\\ReactNew\\\\shopping-cart\\\\functions\\\\node_modules\\\\firebase-admin\\\\lib\\\\index.js\"}}"}}
[info] +  functions[api]: http function initialized (http://localhost:5001/clone-c9d80/us-central1/api). {"metadata":{"emulator":{"name":"functions"},"message":"\u001b[1mhttp\u001b[22m function initialized (http://localhost:5001/clone-c9d80/us-central1/api)."}}
[info] 
┌───────────────────────────────────────────────────────────────────────┐
│ ✔  All emulators ready! View status and logs at http://localhost:4000 │
└───────────────────────────────────────────────────────────────────────┘

┌───────────┬────────────────┬─────────────────────────────────┐
│ Emulator  │ Host:Port      │ View in Emulator UI             │
├───────────┼────────────────┼─────────────────────────────────┤
│ Functions │ localhost:5001 │ http://localhost:4000/functions │
├───────────┼────────────────┼─────────────────────────────────┤
│ Hosting   │ localhost:5000 │ n/a                             │
└───────────┴────────────────┴─────────────────────────────────┘
  Other reserved ports: 4400, 4500

Issues? Report them at https://github.com/firebase/firebase-tools/issues and attach the *-debug.log files.
 
[debug] [2020-11-13T11:04:19.178Z] [worker-~diagnostic~-2df37ee0-6fcb-4279-853e-c32d1342a458]: IDLE {"metadata":{"emulator":{"name":"functions"},"message":"[worker-~diagnostic~-2df37ee0-6fcb-4279-853e-c32d1342a458]: IDLE"}}
[debug] [2020-11-13T11:15:24.715Z] [work-queue] {"queueLength":1,"workRunningCount":0}
[debug] [2020-11-13T11:15:24.721Z] [work-queue] {"queueLength":0,"workRunningCount":1}
[debug] [2020-11-13T11:15:24.724Z] Accepted request POST /clone-c9d80/us-central1/api/payments/create?total=21770 --> api
[debug] [2020-11-13T11:15:24.750Z] [worker-pool] addWorker(api) {"metadata":{"emulator":{"name":"functions"},"message":"[worker-pool] addWorker(api)"}}
[debug] [2020-11-13T11:15:24.753Z] [worker-pool] Adding worker with key api, total=1 {"metadata":{"emulator":{"name":"functions"},"message":"[worker-pool] Adding worker with key api, total=1"}}
[debug] [2020-11-13T11:15:24.754Z] [worker-pool] submitWork(triggerId=api) {"metadata":{"emulator":{"name":"functions"},"message":"[worker-pool] submitWork(triggerId=api)"}}
[debug] [2020-11-13T11:15:24.754Z] [worker-api-d05d2137-d4fd-455a-ac03-26f4d00c32aa]: Assigning socketPath: \\?\pipe\C:\Vishnu\ReactNew\shopping-cart\functions\11760 {"metadata":{"emulator":{"name":"functions"},"message":"[worker-api-d05d2137-d4fd-455a-ac03-26f4d00c32aa]: Assigning socketPath: \\\\?\\pipe\\C:\\Vishnu\\ReactNew\\shopping-cart\\functions\\11760"}}
[debug] [2020-11-13T11:15:24.755Z] [worker-api-d05d2137-d4fd-455a-ac03-26f4d00c32aa]: BUSY {"metadata":{"emulator":{"name":"functions"},"message":"[worker-api-d05d2137-d4fd-455a-ac03-26f4d00c32aa]: BUSY"}}
[debug] [2020-11-13T11:15:26.109Z] [runtime-status] [11760] Functions runtime initialized. {"cwd":"C:\\Vishnu\\ReactNew\\shopping-cart\\functions","node_version":"12.18.3"} {"metadata":{"emulator":{"name":"functions"},"function":{"name":"api"},"message":"[runtime-status] [11760] Functions runtime initialized. {\"cwd\":\"C:\\\\Vishnu\\\\ReactNew\\\\shopping-cart\\\\functions\",\"node_version\":\"12.18.3\"}"}}
[debug] [2020-11-13T11:15:26.112Z] [runtime-status] [11760] Disabled runtime features: undefined {"metadata":{"emulator":{"name":"functions"},"function":{"name":"api"},"message":"[runtime-status] [11760] Disabled runtime features: undefined"}}
[debug] [2020-11-13T11:15:26.128Z] [runtime-status] [11760] Resolved module firebase-admin {"declared":true,"installed":true,"version":"9.3.0","resolution":"C:\\Vishnu\\ReactNew\\shopping-cart\\functions\\node_modules\\firebase-admin\\lib\\index.js"} {"metadata":{"emulator":{"name":"functions"},"function":{"name":"api"},"message":"[runtime-status] [11760] Resolved module firebase-admin {\"declared\":true,\"installed\":true,\"version\":\"9.3.0\",\"resolution\":\"C:\\\\Vishnu\\\\ReactNew\\\\shopping-cart\\\\functions\\\\node_modules\\\\firebase-admin\\\\lib\\\\index.js\"}"}}
[debug] [2020-11-13T11:15:26.132Z] [runtime-status] [11760] Resolved module firebase-functions {"declared":true,"installed":true,"version":"3.11.0","resolution":"C:\\Vishnu\\ReactNew\\shopping-cart\\functions\\node_modules\\firebase-functions\\lib\\index.js"} {"metadata":{"emulator":{"name":"functions"},"function":{"name":"api"},"message":"[runtime-status] [11760] Resolved module firebase-functions {\"declared\":true,\"installed\":true,\"version\":\"3.11.0\",\"resolution\":\"C:\\\\Vishnu\\\\ReactNew\\\\shopping-cart\\\\functions\\\\node_modules\\\\firebase-functions\\\\lib\\\\index.js\"}"}}
[debug] [2020-11-13T11:15:26.134Z] [runtime-status] [11760] Resolved module firebase-functions {"declared":true,"installed":true,"version":"3.11.0","resolution":"C:\\Vishnu\\ReactNew\\shopping-cart\\functions\\node_modules\\firebase-functions\\lib\\index.js"} {"metadata":{"emulator":{"name":"functions"},"function":{"name":"api"},"message":"[runtime-status] [11760] Resolved module firebase-functions {\"declared\":true,\"installed\":true,\"version\":\"3.11.0\",\"resolution\":\"C:\\\\Vishnu\\\\ReactNew\\\\shopping-cart\\\\functions\\\\node_modules\\\\firebase-functions\\\\lib\\\\index.js\"}"}}
[debug] [2020-11-13T11:15:26.137Z] [runtime-status] [11760] Outgoing network have been stubbed. [{"name":"http","status":"mocked"},{"name":"http","status":"mocked"},{"name":"https","status":"mocked"},{"name":"https","status":"mocked"},{"name":"net","status":"mocked"}] {"metadata":{"emulator":{"name":"functions"},"function":{"name":"api"},"message":"[runtime-status] [11760] Outgoing network have been stubbed. [{\"name\":\"http\",\"status\":\"mocked\"},{\"name\":\"http\",\"status\":\"mocked\"},{\"name\":\"https\",\"status\":\"mocked\"},{\"name\":\"https\",\"status\":\"mocked\"},{\"name\":\"net\",\"status\":\"mocked\"}]"}}
[debug] [2020-11-13T11:15:26.138Z] [runtime-status] [11760] Resolved module firebase-functions {"declared":true,"installed":true,"version":"3.11.0","resolution":"C:\\Vishnu\\ReactNew\\shopping-cart\\functions\\node_modules\\firebase-functions\\lib\\index.js"} {"metadata":{"emulator":{"name":"functions"},"function":{"name":"api"},"message":"[runtime-status] [11760] Resolved module firebase-functions {\"declared\":true,\"installed\":true,\"version\":\"3.11.0\",\"resolution\":\"C:\\\\Vishnu\\\\ReactNew\\\\shopping-cart\\\\functions\\\\node_modules\\\\firebase-functions\\\\lib\\\\index.js\"}"}}
[debug] [2020-11-13T11:15:26.260Z] [runtime-status] [11760] Checked functions.config() {"config":{}} {"metadata":{"emulator":{"name":"functions"},"function":{"name":"api"},"message":"[runtime-status] [11760] Checked functions.config() {\"config\":{}}"}}
[debug] [2020-11-13T11:15:26.261Z] [runtime-status] [11760] firebase-functions has been stubbed. {"functionsResolution":{"declared":true,"installed":true,"version":"3.11.0","resolution":"C:\\Vishnu\\ReactNew\\shopping-cart\\functions\\node_modules\\firebase-functions\\lib\\index.js"}} {"metadata":{"emulator":{"name":"functions"},"function":{"name":"api"},"message":"[runtime-status] [11760] firebase-functions has been stubbed. {\"functionsResolution\":{\"declared\":true,\"installed\":true,\"version\":\"3.11.0\",\"resolution\":\"C:\\\\Vishnu\\\\ReactNew\\\\shopping-cart\\\\functions\\\\node_modules\\\\firebase-functions\\\\lib\\\\index.js\"}}"}}
[debug] [2020-11-13T11:15:26.262Z] [runtime-status] [11760] Resolved module firebase-functions {"declared":true,"installed":true,"version":"3.11.0","resolution":"C:\\Vishnu\\ReactNew\\shopping-cart\\functions\\node_modules\\firebase-functions\\lib\\index.js"} {"metadata":{"emulator":{"name":"functions"},"function":{"name":"api"},"message":"[runtime-status] [11760] Resolved module firebase-functions {\"declared\":true,\"installed\":true,\"version\":\"3.11.0\",\"resolution\":\"C:\\\\Vishnu\\\\ReactNew\\\\shopping-cart\\\\functions\\\\node_modules\\\\firebase-functions\\\\lib\\\\index.js\"}"}}
[debug] [2020-11-13T11:15:26.265Z] [runtime-status] [11760] Resolved module firebase-admin {"declared":true,"installed":true,"version":"9.3.0","resolution":"C:\\Vishnu\\ReactNew\\shopping-cart\\functions\\node_modules\\firebase-admin\\lib\\index.js"} {"metadata":{"emulator":{"name":"functions"},"function":{"name":"api"},"message":"[runtime-status] [11760] Resolved module firebase-admin {\"declared\":true,\"installed\":true,\"version\":\"9.3.0\",\"resolution\":\"C:\\\\Vishnu\\\\ReactNew\\\\shopping-cart\\\\functions\\\\node_modules\\\\firebase-admin\\\\lib\\\\index.js\"}"}}
[debug] [2020-11-13T11:15:26.269Z] [runtime-status] [11760] Resolved module firebase-functions {"declared":true,"installed":true,"version":"3.11.0","resolution":"C:\\Vishnu\\ReactNew\\shopping-cart\\functions\\node_modules\\firebase-functions\\lib\\index.js"} {"metadata":{"emulator":{"name":"functions"},"function":{"name":"api"},"message":"[runtime-status] [11760] Resolved module firebase-functions {\"declared\":true,\"installed\":true,\"version\":\"3.11.0\",\"resolution\":\"C:\\\\Vishnu\\\\ReactNew\\\\shopping-cart\\\\functions\\\\node_modules\\\\firebase-functions\\\\lib\\\\index.js\"}"}}
[debug] [2020-11-13T11:15:26.269Z] [runtime-status] [11760] firebase-admin has been stubbed. {"adminResolution":{"declared":true,"installed":true,"version":"9.3.0","resolution":"C:\\Vishnu\\ReactNew\\shopping-cart\\functions\\node_modules\\firebase-admin\\lib\\index.js"}} {"metadata":{"emulator":{"name":"functions"},"function":{"name":"api"},"message":"[runtime-status] [11760] firebase-admin has been stubbed. {\"adminResolution\":{\"declared\":true,\"installed\":true,\"version\":\"9.3.0\",\"resolution\":\"C:\\\\Vishnu\\\\ReactNew\\\\shopping-cart\\\\functions\\\\node_modules\\\\firebase-admin\\\\lib\\\\index.js\"}}"}}
[debug] [2020-11-13T11:15:26.820Z] [runtime-status] [11760] Trigger "api" has been found, beginning invocation! {"metadata":{"emulator":{"name":"functions"},"function":{"name":"api"},"message":"[runtime-status] [11760] Trigger \"api\" has been found, beginning invocation!"}}
[info] i  functions: Beginning execution of "api" {"metadata":{"emulator":{"name":"functions"},"function":{"name":"api"},"message":"Beginning execution of \"api\""}}
[debug] [2020-11-13T11:15:26.831Z] [runtime-status] [11760] triggerDefinition {"httpsTrigger":{},"name":"api","entryPoint":"api"} {"metadata":{"emulator":{"name":"functions"},"function":{"name":"api"},"message":"[runtime-status] [11760] triggerDefinition {\"httpsTrigger\":{},\"name\":\"api\",\"entryPoint\":\"api\"}"}}
[debug] [2020-11-13T11:15:26.831Z] [runtime-status] [11760] Running api in mode HTTPS {"metadata":{"emulator":{"name":"functions"},"function":{"name":"api"},"message":"[runtime-status] [11760] Running api in mode HTTPS"}}
[debug] [2020-11-13T11:15:26.833Z] [runtime-status] [11760] Attempting to listen to socketPath: \\?\pipe\C:\Vishnu\ReactNew\shopping-cart\functions\11760 {"metadata":{"emulator":{"name":"functions"},"function":{"name":"api"},"message":"[runtime-status] [11760] Attempting to listen to socketPath: \\\\?\\pipe\\C:\\Vishnu\\ReactNew\\shopping-cart\\functions\\11760"}}
[debug] [2020-11-13T11:15:26.843Z] [functions] Runtime ready! Sending request! {"metadata":{"emulator":{"name":"functions"},"message":"[functions] Runtime ready! Sending request!"}}
[debug] [2020-11-13T11:15:26.862Z] [runtime-status] [11760] Ephemeral server handling POST request {"metadata":{"emulator":{"name":"functions"},"function":{"name":"api"},"message":"[runtime-status] [11760] Ephemeral server handling POST request"}}
[info] >  21770 {"user":21770,"metadata":{"emulator":{"name":"functions"},"function":{"name":"api"},"message":"\u001b[90m> \u001b[39m 21770"}}
[debug] [2020-11-13T11:15:26.887Z] [runtime-status] [11760] Ephemeral server survived. {"metadata":{"emulator":{"name":"functions"},"function":{"name":"api"},"message":"[runtime-status] [11760] Ephemeral server survived."}}
[info] i  functions: Finished "api" in ~1s {"metadata":{"emulator":{"name":"functions"},"function":{"name":"api"},"message":"Finished \"api\" in ~1s"}}
[debug] [2020-11-13T11:15:28.482Z] [worker-api-d05d2137-d4fd-455a-ac03-26f4d00c32aa]: IDLE {"metadata":{"emulator":{"name":"functions"},"message":"[worker-api-d05d2137-d4fd-455a-ac03-26f4d00c32aa]: IDLE"}}
[debug] [2020-11-13T11:15:28.483Z] [work-queue] {"queueLength":0,"workRunningCount":0}
[debug] [2020-11-13T11:15:40.517Z] [work-queue] {"queueLength":1,"workRunningCount":0}
[debug] [2020-11-13T11:15:40.518Z] [work-queue] {"queueLength":0,"workRunningCount":1}
[debug] [2020-11-13T11:15:40.519Z] Accepted request POST /clone-c9d80/us-central1/api/payments/create?total=12900 --> api
[debug] [2020-11-13T11:15:40.521Z] [worker-pool] submitWork(triggerId=api) {"metadata":{"emulator":{"name":"functions"},"message":"[worker-pool] submitWork(triggerId=api)"}}
[debug] [2020-11-13T11:15:40.523Z] [worker-api-d05d2137-d4fd-455a-ac03-26f4d00c32aa]: Assigning socketPath: \\?\pipe\C:\Vishnu\ReactNew\shopping-cart\functions\11760 {"metadata":{"emulator":{"name":"functions"},"message":"[worker-api-d05d2137-d4fd-455a-ac03-26f4d00c32aa]: Assigning socketPath: \\\\?\\pipe\\C:\\Vishnu\\ReactNew\\shopping-cart\\functions\\11760"}}
[debug] [2020-11-13T11:15:40.524Z] [worker-api-d05d2137-d4fd-455a-ac03-26f4d00c32aa]: BUSY {"metadata":{"emulator":{"name":"functions"},"message":"[worker-api-d05d2137-d4fd-455a-ac03-26f4d00c32aa]: BUSY"}}
[debug] [2020-11-13T11:15:40.529Z] [runtime-status] [11760] Trigger "api" has been found, beginning invocation! {"metadata":{"emulator":{"name":"functions"},"function":{"name":"api"},"message":"[runtime-status] [11760] Trigger \"api\" has been found, beginning invocation!"}}
[info] i  functions: Beginning execution of "api" {"metadata":{"emulator":{"name":"functions"},"function":{"name":"api"},"message":"Beginning execution of \"api\""}}
[debug] [2020-11-13T11:15:40.542Z] [runtime-status] [11760] triggerDefinition {"httpsTrigger":{},"name":"api","entryPoint":"api"} {"metadata":{"emulator":{"name":"functions"},"function":{"name":"api"},"message":"[runtime-status] [11760] triggerDefinition {\"httpsTrigger\":{},\"name\":\"api\",\"entryPoint\":\"api\"}"}}
[debug] [2020-11-13T11:15:40.542Z] [runtime-status] [11760] Running api in mode HTTPS {"metadata":{"emulator":{"name":"functions"},"function":{"name":"api"},"message":"[runtime-status] [11760] Running api in mode HTTPS"}}
[debug] [2020-11-13T11:15:40.543Z] [runtime-status] [11760] Attempting to listen to socketPath: \\?\pipe\C:\Vishnu\ReactNew\shopping-cart\functions\11760 {"metadata":{"emulator":{"name":"functions"},"function":{"name":"api"},"message":"[runtime-status] [11760] Attempting to listen to socketPath: \\\\?\\pipe\\C:\\Vishnu\\ReactNew\\shopping-cart\\functions\\11760"}}
[debug] [2020-11-13T11:15:40.544Z] [functions] Runtime ready! Sending request! {"metadata":{"emulator":{"name":"functions"},"message":"[functions] Runtime ready! Sending request!"}}
[debug] [2020-11-13T11:15:40.549Z] [runtime-status] [11760] Ephemeral server handling POST request {"metadata":{"emulator":{"name":"functions"},"function":{"name":"api"},"message":"[runtime-status] [11760] Ephemeral server handling POST request"}}
[info] >  12900 {"user":12900,"metadata":{"emulator":{"name":"functions"},"function":{"name":"api"},"message":"\u001b[90m> \u001b[39m 12900"}}
[debug] [2020-11-13T11:15:40.552Z] [runtime-status] [11760] Ephemeral server survived. {"metadata":{"emulator":{"name":"functions"},"function":{"name":"api"},"message":"[runtime-status] [11760] Ephemeral server survived."}}
[info] i  functions: Finished "api" in ~1s {"metadata":{"emulator":{"name":"functions"},"function":{"name":"api"},"message":"Finished \"api\" in ~1s"}}
[debug] [2020-11-13T11:15:41.219Z] [worker-api-d05d2137-d4fd-455a-ac03-26f4d00c32aa]: IDLE {"metadata":{"emulator":{"name":"functions"},"message":"[worker-api-d05d2137-d4fd-455a-ac03-26f4d00c32aa]: IDLE"}}
[debug] [2020-11-13T11:15:41.220Z] [work-queue] {"queueLength":0,"workRunningCount":0}
[debug] [2020-11-13T11:15:48.926Z] [work-queue] {"queueLength":1,"workRunningCount":0}
[debug] [2020-11-13T11:15:48.927Z] [work-queue] {"queueLength":0,"workRunningCount":1}
[debug] [2020-11-13T11:15:48.928Z] Accepted request POST /clone-c9d80/us-central1/api/payments/create?total=0 --> api
[debug] [2020-11-13T11:15:48.928Z] [worker-pool] submitWork(triggerId=api) {"metadata":{"emulator":{"name":"functions"},"message":"[worker-pool] submitWork(triggerId=api)"}}
[debug] [2020-11-13T11:15:48.929Z] [worker-api-d05d2137-d4fd-455a-ac03-26f4d00c32aa]: Assigning socketPath: \\?\pipe\C:\Vishnu\ReactNew\shopping-cart\functions\11760 {"metadata":{"emulator":{"name":"functions"},"message":"[worker-api-d05d2137-d4fd-455a-ac03-26f4d00c32aa]: Assigning socketPath: \\\\?\\pipe\\C:\\Vishnu\\ReactNew\\shopping-cart\\functions\\11760"}}
[debug] [2020-11-13T11:15:48.930Z] [worker-api-d05d2137-d4fd-455a-ac03-26f4d00c32aa]: BUSY {"metadata":{"emulator":{"name":"functions"},"message":"[worker-api-d05d2137-d4fd-455a-ac03-26f4d00c32aa]: BUSY"}}
[debug] [2020-11-13T11:15:48.932Z] [runtime-status] [11760] Trigger "api" has been found, beginning invocation! {"metadata":{"emulator":{"name":"functions"},"function":{"name":"api"},"message":"[runtime-status] [11760] Trigger \"api\" has been found, beginning invocation!"}}
[info] i  functions: Beginning execution of "api" {"metadata":{"emulator":{"name":"functions"},"function":{"name":"api"},"message":"Beginning execution of \"api\""}}
[debug] [2020-11-13T11:15:48.937Z] [runtime-status] [11760] triggerDefinition {"httpsTrigger":{},"name":"api","entryPoint":"api"} {"metadata":{"emulator":{"name":"functions"},"function":{"name":"api"},"message":"[runtime-status] [11760] triggerDefinition {\"httpsTrigger\":{},\"name\":\"api\",\"entryPoint\":\"api\"}"}}
[debug] [2020-11-13T11:15:48.938Z] [runtime-status] [11760] Running api in mode HTTPS {"metadata":{"emulator":{"name":"functions"},"function":{"name":"api"},"message":"[runtime-status] [11760] Running api in mode HTTPS"}}
[debug] [2020-11-13T11:15:48.939Z] [runtime-status] [11760] Attempting to listen to socketPath: \\?\pipe\C:\Vishnu\ReactNew\shopping-cart\functions\11760 {"metadata":{"emulator":{"name":"functions"},"function":{"name":"api"},"message":"[runtime-status] [11760] Attempting to listen to socketPath: \\\\?\\pipe\\C:\\Vishnu\\ReactNew\\shopping-cart\\functions\\11760"}}
[debug] [2020-11-13T11:15:48.941Z] [functions] Runtime ready! Sending request! {"metadata":{"emulator":{"name":"functions"},"message":"[functions] Runtime ready! Sending request!"}}
[debug] [2020-11-13T11:15:48.945Z] [runtime-status] [11760] Ephemeral server handling POST request {"metadata":{"emulator":{"name":"functions"},"function":{"name":"api"},"message":"[runtime-status] [11760] Ephemeral server handling POST request"}}
[info] >  0 {"user":0,"metadata":{"emulator":{"name":"functions"},"function":{"name":"api"},"message":"\u001b[90m> \u001b[39m 0"}}
[debug] [2020-11-13T11:15:48.950Z] [runtime-status] [11760] Ephemeral server survived. {"metadata":{"emulator":{"name":"functions"},"function":{"name":"api"},"message":"[runtime-status] [11760] Ephemeral server survived."}}
[info] >  (node:11760) UnhandledPromiseRejectionWarning: Error: This value must be greater than or equal to 1. {"user":"(node:11760) UnhandledPromiseRejectionWarning: Error: This value must be greater than or equal to 1.","metadata":{"emulator":{"name":"functions"},"function":{"name":"api"},"message":"\u001b[90m> \u001b[39m (node:11760) UnhandledPromiseRejectionWarning: Error: This value must be greater than or equal to 1."}}
[info] >      at Function.generate (C:\Vishnu\ReactNew\shopping-cart\functions\node_modules\stripe\lib\Error.js:40:16) {"user":"    at Function.generate (C:\\Vishnu\\ReactNew\\shopping-cart\\functions\\node_modules\\stripe\\lib\\Error.js:40:16)","metadata":{"emulator":{"name":"functions"},"function":{"name":"api"},"message":"\u001b[90m> \u001b[39m     at Function.generate (C:\\Vishnu\\ReactNew\\shopping-cart\\functions\\node_modules\\stripe\\lib\\Error.js:40:16)"}}
[info] >      at IncomingMessage.<anonymous> (C:\Vishnu\ReactNew\shopping-cart\functions\node_modules\stripe\lib\StripeResource.js:190:33) {"user":"    at IncomingMessage.<anonymous> (C:\\Vishnu\\ReactNew\\shopping-cart\\functions\\node_modules\\stripe\\lib\\StripeResource.js:190:33)","metadata":{"emulator":{"name":"functions"},"function":{"name":"api"},"message":"\u001b[90m> \u001b[39m     at IncomingMessage.<anonymous> (C:\\Vishnu\\ReactNew\\shopping-cart\\functions\\node_modules\\stripe\\lib\\StripeResource.js:190:33)"}}
[info] >      at Object.onceWrapper (events.js:421:28) {"user":"    at Object.onceWrapper (events.js:421:28)","metadata":{"emulator":{"name":"functions"},"function":{"name":"api"},"message":"\u001b[90m> \u001b[39m     at Object.onceWrapper (events.js:421:28)"}}
[info] >      at IncomingMessage.emit (events.js:327:22) {"user":"    at IncomingMessage.emit (events.js:327:22)","metadata":{"emulator":{"name":"functions"},"function":{"name":"api"},"message":"\u001b[90m> \u001b[39m     at IncomingMessage.emit (events.js:327:22)"}}
[info] >      at endReadableNT (_stream_readable.js:1220:12) {"user":"    at endReadableNT (_stream_readable.js:1220:12)","metadata":{"emulator":{"name":"functions"},"function":{"name":"api"},"message":"\u001b[90m> \u001b[39m     at endReadableNT (_stream_readable.js:1220:12)"}}
[info] >      at processTicksAndRejections (internal/process/task_queues.js:84:21) {"user":"    at processTicksAndRejections (internal/process/task_queues.js:84:21)","metadata":{"emulator":{"name":"functions"},"function":{"name":"api"},"message":"\u001b[90m> \u001b[39m     at processTicksAndRejections (internal/process/task_queues.js:84:21)"}}
[info] >  (node:11760) UnhandledPromiseRejectionWarning: Unhandled promise rejection. This error originated either by throwing inside of an async function without a catch block, or by rejecting a promise which was not handled with .catch(). To terminate the node process on unhandled promise rejection, use the CLI flag `--unhandled-rejections=strict` (see https://nodejs.org/api/cli.html#cli_unhandled_rejections_mode). (rejection id: 1) {"user":"(node:11760) UnhandledPromiseRejectionWarning: Unhandled promise rejection. This error originated either by throwing inside of an async function without a catch block, or by rejecting a promise which was not handled with .catch(). To terminate the node process on unhandled promise rejection, use the CLI flag `--unhandled-rejections=strict` (see https://nodejs.org/api/cli.html#cli_unhandled_rejections_mode). (rejection id: 1)","metadata":{"emulator":{"name":"functions"},"function":{"name":"api"},"message":"\u001b[90m> \u001b[39m (node:11760) UnhandledPromiseRejectionWarning: Unhandled promise rejection. This error originated either by throwing inside of an async function without a catch block, or by rejecting a promise which was not handled with .catch(). To terminate the node process on unhandled promise rejection, use the CLI flag `--unhandled-rejections=strict` (see https://nodejs.org/api/cli.html#cli_unhandled_rejections_mode). (rejection id: 1)"}}
[info] >  (node:11760) [DEP0018] DeprecationWarning: Unhandled promise rejections are deprecated. In the future, promise rejections that are not handled will terminate the Node.js process with a non-zero exit code. {"user":"(node:11760) [DEP0018] DeprecationWarning: Unhandled promise rejections are deprecated. In the future, promise rejections that are not handled will terminate the Node.js process with a non-zero exit code.","metadata":{"emulator":{"name":"functions"},"function":{"name":"api"},"message":"\u001b[90m> \u001b[39m (node:11760) [DEP0018] DeprecationWarning: Unhandled promise rejections are deprecated. In the future, promise rejections that are not handled will terminate the Node.js process with a non-zero exit code."}}
[warn] !  functions: Your function timed out after ~60s. To configure this timeout, see
      https://firebase.google.com/docs/functions/manage-functions#set_timeout_and_memory_allocation. {"metadata":{"emulator":{"name":"functions"},"function":{"name":"api"},"message":"Your function timed out after ~60s. To configure this timeout, see\n      https://firebase.google.com/docs/functions/manage-functions#set_timeout_and_memory_allocation."}}
[info] >  C:\Users\user\AppData\Roaming\npm\node_modules\firebase-tools\lib\emulator\functionsEmulatorRuntime.js:660 {"user":"C:\\Users\\user\\AppData\\Roaming\\npm\\node_modules\\firebase-tools\\lib\\emulator\\functionsEmulatorRuntime.js:660\r","metadata":{"emulator":{"name":"functions"},"function":{"name":"api"},"message":"\u001b[90m> \u001b[39m C:\\Users\\user\\AppData\\Roaming\\npm\\node_modules\\firebase-tools\\lib\\emulator\\functionsEmulatorRuntime.js:660\r"}}
[info] >                  throw new Error("Function timed out."); {"user":"                throw new Error(\"Function timed out.\");\r","metadata":{"emulator":{"name":"functions"},"function":{"name":"api"},"message":"\u001b[90m> \u001b[39m                 throw new Error(\"Function timed out.\");\r"}}
[info] >                  ^ {"user":"                ^\r","metadata":{"emulator":{"name":"functions"},"function":{"name":"api"},"message":"\u001b[90m> \u001b[39m                 ^\r"}}
[info] >   {"user":"\r","metadata":{"emulator":{"name":"functions"},"function":{"name":"api"},"message":"\u001b[90m> \u001b[39m \r"}}
[info] >  Error: Function timed out. {"user":"Error: Function timed out.\r","metadata":{"emulator":{"name":"functions"},"function":{"name":"api"},"message":"\u001b[90m> \u001b[39m Error: Function timed out.\r"}}
[info] >      at Timeout._onTimeout (C:\Users\user\AppData\Roaming\npm\node_modules\firebase-tools\lib\emulator\functionsEmulatorRuntime.js:660:23) {"user":"    at Timeout._onTimeout (C:\\Users\\user\\AppData\\Roaming\\npm\\node_modules\\firebase-tools\\lib\\emulator\\functionsEmulatorRuntime.js:660:23)\r","metadata":{"emulator":{"name":"functions"},"function":{"name":"api"},"message":"\u001b[90m> \u001b[39m     at Timeout._onTimeout (C:\\Users\\user\\AppData\\Roaming\\npm\\node_modules\\firebase-tools\\lib\\emulator\\functionsEmulatorRuntime.js:660:23)\r"}}
[info] >      at listOnTimeout (internal/timers.js:549:17) {"user":"    at listOnTimeout (internal/timers.js:549:17)\r","metadata":{"emulator":{"name":"functions"},"function":{"name":"api"},"message":"\u001b[90m> \u001b[39m     at listOnTimeout (internal/timers.js:549:17)\r"}}
[info] >      at processTimers (internal/timers.js:492:7) {"user":"    at processTimers (internal/timers.js:492:7)\r","metadata":{"emulator":{"name":"functions"},"function":{"name":"api"},"message":"\u001b[90m> \u001b[39m     at processTimers (internal/timers.js:492:7)\r"}}
[debug] [2020-11-13T11:16:49.003Z] [worker-api-d05d2137-d4fd-455a-ac03-26f4d00c32aa]: exited {"metadata":{"emulator":{"name":"functions"},"message":"[worker-api-d05d2137-d4fd-455a-ac03-26f4d00c32aa]: exited"}}
[debug] [2020-11-13T11:16:49.004Z] [worker-api-d05d2137-d4fd-455a-ac03-26f4d00c32aa]: FINISHED {"metadata":{"emulator":{"name":"functions"},"message":"[worker-api-d05d2137-d4fd-455a-ac03-26f4d00c32aa]: FINISHED"}}
[debug] [2020-11-13T11:16:49.005Z] [work-queue] {"queueLength":0,"workRunningCount":0}
[debug] [2020-11-13T14:06:11.237Z] [work-queue] {"queueLength":1,"workRunningCount":0}
[debug] [2020-11-13T14:06:11.246Z] [work-queue] {"queueLength":0,"workRunningCount":1}
[debug] [2020-11-13T14:06:11.248Z] Accepted request POST /clone-c9d80/us-central1/api/payments/create?total=13464.000000000002 --> api
[debug] [2020-11-13T14:06:11.251Z] [worker-pool] Cleaned up workers for api: 1 --> 0 {"metadata":{"emulator":{"name":"functions"},"message":"[worker-pool] Cleaned up workers for api: 1 --> 0"}}
[debug] [2020-11-13T14:06:11.290Z] [worker-pool] addWorker(api) {"metadata":{"emulator":{"name":"functions"},"message":"[worker-pool] addWorker(api)"}}
[debug] [2020-11-13T14:06:11.291Z] [worker-pool] Adding worker with key api, total=1 {"metadata":{"emulator":{"name":"functions"},"message":"[worker-pool] Adding worker with key api, total=1"}}
[debug] [2020-11-13T14:06:11.291Z] [worker-pool] submitWork(triggerId=api) {"metadata":{"emulator":{"name":"functions"},"message":"[worker-pool] submitWork(triggerId=api)"}}
[debug] [2020-11-13T14:06:11.293Z] [worker-api-3c9386e3-0667-4d6c-977a-b10c367cf5ae]: Assigning socketPath: \\?\pipe\C:\Vishnu\ReactNew\shopping-cart\functions\18912 {"metadata":{"emulator":{"name":"functions"},"message":"[worker-api-3c9386e3-0667-4d6c-977a-b10c367cf5ae]: Assigning socketPath: \\\\?\\pipe\\C:\\Vishnu\\ReactNew\\shopping-cart\\functions\\18912"}}
[debug] [2020-11-13T14:06:11.294Z] [worker-api-3c9386e3-0667-4d6c-977a-b10c367cf5ae]: BUSY {"metadata":{"emulator":{"name":"functions"},"message":"[worker-api-3c9386e3-0667-4d6c-977a-b10c367cf5ae]: BUSY"}}
[debug] [2020-11-13T14:06:13.023Z] [runtime-status] [18912] Functions runtime initialized. {"cwd":"C:\\Vishnu\\ReactNew\\shopping-cart\\functions","node_version":"12.18.3"} {"metadata":{"emulator":{"name":"functions"},"function":{"name":"api"},"message":"[runtime-status] [18912] Functions runtime initialized. {\"cwd\":\"C:\\\\Vishnu\\\\ReactNew\\\\shopping-cart\\\\functions\",\"node_version\":\"12.18.3\"}"}}
[debug] [2020-11-13T14:06:13.026Z] [runtime-status] [18912] Disabled runtime features: undefined {"metadata":{"emulator":{"name":"functions"},"function":{"name":"api"},"message":"[runtime-status] [18912] Disabled runtime features: undefined"}}
[debug] [2020-11-13T14:06:13.045Z] [runtime-status] [18912] Resolved module firebase-admin {"declared":true,"installed":true,"version":"9.3.0","resolution":"C:\\Vishnu\\ReactNew\\shopping-cart\\functions\\node_modules\\firebase-admin\\lib\\index.js"} {"metadata":{"emulator":{"name":"functions"},"function":{"name":"api"},"message":"[runtime-status] [18912] Resolved module firebase-admin {\"declared\":true,\"installed\":true,\"version\":\"9.3.0\",\"resolution\":\"C:\\\\Vishnu\\\\ReactNew\\\\shopping-cart\\\\functions\\\\node_modules\\\\firebase-admin\\\\lib\\\\index.js\"}"}}
[debug] [2020-11-13T14:06:13.066Z] [runtime-status] [18912] Resolved module firebase-functions {"declared":true,"installed":true,"version":"3.11.0","resolution":"C:\\Vishnu\\ReactNew\\shopping-cart\\functions\\node_modules\\firebase-functions\\lib\\index.js"} {"metadata":{"emulator":{"name":"functions"},"function":{"name":"api"},"message":"[runtime-status] [18912] Resolved module firebase-functions {\"declared\":true,\"installed\":true,\"version\":\"3.11.0\",\"resolution\":\"C:\\\\Vishnu\\\\ReactNew\\\\shopping-cart\\\\functions\\\\node_modules\\\\firebase-functions\\\\lib\\\\index.js\"}"}}
[debug] [2020-11-13T14:06:13.067Z] [runtime-status] [18912] Resolved module firebase-functions {"declared":true,"installed":true,"version":"3.11.0","resolution":"C:\\Vishnu\\ReactNew\\shopping-cart\\functions\\node_modules\\firebase-functions\\lib\\index.js"} {"metadata":{"emulator":{"name":"functions"},"function":{"name":"api"},"message":"[runtime-status] [18912] Resolved module firebase-functions {\"declared\":true,\"installed\":true,\"version\":\"3.11.0\",\"resolution\":\"C:\\\\Vishnu\\\\ReactNew\\\\shopping-cart\\\\functions\\\\node_modules\\\\firebase-functions\\\\lib\\\\index.js\"}"}}
[debug] [2020-11-13T14:06:13.071Z] [runtime-status] [18912] Outgoing network have been stubbed. [{"name":"http","status":"mocked"},{"name":"http","status":"mocked"},{"name":"https","status":"mocked"},{"name":"https","status":"mocked"},{"name":"net","status":"mocked"}] {"metadata":{"emulator":{"name":"functions"},"function":{"name":"api"},"message":"[runtime-status] [18912] Outgoing network have been stubbed. [{\"name\":\"http\",\"status\":\"mocked\"},{\"name\":\"http\",\"status\":\"mocked\"},{\"name\":\"https\",\"status\":\"mocked\"},{\"name\":\"https\",\"status\":\"mocked\"},{\"name\":\"net\",\"status\":\"mocked\"}]"}}
[debug] [2020-11-13T14:06:13.072Z] [runtime-status] [18912] Resolved module firebase-functions {"declared":true,"installed":true,"version":"3.11.0","resolution":"C:\\Vishnu\\ReactNew\\shopping-cart\\functions\\node_modules\\firebase-functions\\lib\\index.js"} {"metadata":{"emulator":{"name":"functions"},"function":{"name":"api"},"message":"[runtime-status] [18912] Resolved module firebase-functions {\"declared\":true,\"installed\":true,\"version\":\"3.11.0\",\"resolution\":\"C:\\\\Vishnu\\\\ReactNew\\\\shopping-cart\\\\functions\\\\node_modules\\\\firebase-functions\\\\lib\\\\index.js\"}"}}
[debug] [2020-11-13T14:06:13.203Z] [runtime-status] [18912] Checked functions.config() {"config":{}} {"metadata":{"emulator":{"name":"functions"},"function":{"name":"api"},"message":"[runtime-status] [18912] Checked functions.config() {\"config\":{}}"}}
[debug] [2020-11-13T14:06:13.204Z] [runtime-status] [18912] firebase-functions has been stubbed. {"functionsResolution":{"declared":true,"installed":true,"version":"3.11.0","resolution":"C:\\Vishnu\\ReactNew\\shopping-cart\\functions\\node_modules\\firebase-functions\\lib\\index.js"}} {"metadata":{"emulator":{"name":"functions"},"function":{"name":"api"},"message":"[runtime-status] [18912] firebase-functions has been stubbed. {\"functionsResolution\":{\"declared\":true,\"installed\":true,\"version\":\"3.11.0\",\"resolution\":\"C:\\\\Vishnu\\\\ReactNew\\\\shopping-cart\\\\functions\\\\node_modules\\\\firebase-functions\\\\lib\\\\index.js\"}}"}}
[debug] [2020-11-13T14:06:13.204Z] [runtime-status] [18912] Resolved module firebase-functions {"declared":true,"installed":true,"version":"3.11.0","resolution":"C:\\Vishnu\\ReactNew\\shopping-cart\\functions\\node_modules\\firebase-functions\\lib\\index.js"} {"metadata":{"emulator":{"name":"functions"},"function":{"name":"api"},"message":"[runtime-status] [18912] Resolved module firebase-functions {\"declared\":true,\"installed\":true,\"version\":\"3.11.0\",\"resolution\":\"C:\\\\Vishnu\\\\ReactNew\\\\shopping-cart\\\\functions\\\\node_modules\\\\firebase-functions\\\\lib\\\\index.js\"}"}}
[debug] [2020-11-13T14:06:13.214Z] [runtime-status] [18912] Resolved module firebase-admin {"declared":true,"installed":true,"version":"9.3.0","resolution":"C:\\Vishnu\\ReactNew\\shopping-cart\\functions\\node_modules\\firebase-admin\\lib\\index.js"} {"metadata":{"emulator":{"name":"functions"},"function":{"name":"api"},"message":"[runtime-status] [18912] Resolved module firebase-admin {\"declared\":true,\"installed\":true,\"version\":\"9.3.0\",\"resolution\":\"C:\\\\Vishnu\\\\ReactNew\\\\shopping-cart\\\\functions\\\\node_modules\\\\firebase-admin\\\\lib\\\\index.js\"}"}}
[debug] [2020-11-13T14:06:13.218Z] [runtime-status] [18912] Resolved module firebase-functions {"declared":true,"installed":true,"version":"3.11.0","resolution":"C:\\Vishnu\\ReactNew\\shopping-cart\\functions\\node_modules\\firebase-functions\\lib\\index.js"} {"metadata":{"emulator":{"name":"functions"},"function":{"name":"api"},"message":"[runtime-status] [18912] Resolved module firebase-functions {\"declared\":true,\"installed\":true,\"version\":\"3.11.0\",\"resolution\":\"C:\\\\Vishnu\\\\ReactNew\\\\shopping-cart\\\\functions\\\\node_modules\\\\firebase-functions\\\\lib\\\\index.js\"}"}}
[debug] [2020-11-13T14:06:13.219Z] [runtime-status] [18912] firebase-admin has been stubbed. {"adminResolution":{"declared":true,"installed":true,"version":"9.3.0","resolution":"C:\\Vishnu\\ReactNew\\shopping-cart\\functions\\node_modules\\firebase-admin\\lib\\index.js"}} {"metadata":{"emulator":{"name":"functions"},"function":{"name":"api"},"message":"[runtime-status] [18912] firebase-admin has been stubbed. {\"adminResolution\":{\"declared\":true,\"installed\":true,\"version\":\"9.3.0\",\"resolution\":\"C:\\\\Vishnu\\\\ReactNew\\\\shopping-cart\\\\functions\\\\node_modules\\\\firebase-admin\\\\lib\\\\index.js\"}}"}}
